{
  "RSpec": {
    "coverage": {
      "/Users/mvalizadeh/LLNL/app/models/user.rb": {
        "lines": [
          1,
          null,
          null,
          1,
          null,
          null
        ]
      },
      "/Users/mvalizadeh/LLNL/app/models/application_record.rb": {
        "lines": [
          1,
          1,
          null
        ]
      },
      "/Users/mvalizadeh/LLNL/app/helpers/application_helper.rb": {
        "lines": [
          1,
          null
        ]
      },
      "/Users/mvalizadeh/LLNL/app/helpers/welcome_helper.rb": {
        "lines": [
          1,
          null
        ]
      },
      "/Users/mvalizadeh/LLNL/app/models/assembler.rb": {
        "lines": [
          1,
          null,
          1,
          null,
          5,
          4,
          4,
          15,
          null,
          null,
          null,
          1,
          null,
          null,
          5,
          6,
          15,
          4,
          1,
          null,
          2,
          11,
          2,
          1,
          null,
          null,
          null,
          null,
          null,
          5,
          null,
          null,
          null,
          5,
          null,
          null
        ]
      },
      "/Users/mvalizadeh/LLNL/app/models/exclusion.rb": {
        "lines": [
          1,
          null,
          1,
          5,
          6,
          null,
          null,
          null
        ]
      },
      "/Users/mvalizadeh/LLNL/app/models/inclusion.rb": {
        "lines": [
          1,
          1,
          6,
          3,
          3,
          null,
          null,
          null,
          3,
          null,
          6,
          null,
          null
        ]
      }
    },
    "timestamp": 1698851320
  },
  "Cucumber Features": {
    "coverage": {
      "/Users/mvalizadeh/LLNL/app/models/user.rb": {
        "lines": [
          1,
          null,
          null,
          1,
          null,
          null
        ]
      },
      "/Users/mvalizadeh/LLNL/app/models/application_record.rb": {
        "lines": [
          1,
          1,
          null
        ]
      },
      "/Users/mvalizadeh/LLNL/app/helpers/application_helper.rb": {
        "lines": [
          1,
          null
        ]
      },
      "/Users/mvalizadeh/LLNL/app/helpers/welcome_helper.rb": {
        "lines": [
          1,
          null
        ]
      },
      "/Users/mvalizadeh/LLNL/app/models/inclusion.rb": {
        "lines": [
          1,
          1,
          10,
          10,
          16,
          null,
          null,
          null,
          0,
          null,
          10,
          null,
          null
        ]
      },
      "/Users/mvalizadeh/LLNL/app/models/exclusion.rb": {
        "lines": [
          1,
          null,
          1,
          10,
          8,
          null,
          null,
          null
        ]
      },
      "/Users/mvalizadeh/LLNL/app/models/assembler.rb": {
        "lines": [
          1,
          null,
          1,
          null,
          10,
          10,
          10,
          34,
          null,
          null,
          null,
          0,
          null,
          null,
          10,
          6,
          21,
          6,
          6,
          null,
          0,
          0,
          0,
          0,
          null,
          null,
          null,
          null,
          null,
          10,
          null,
          null,
          null,
          10,
          null,
          null
        ]
      }
    },
    "timestamp": 1698851328
  }
}
